<?xml version="1.0" encoding="UTF-8"?>
<!-- Generated by org.testng.reporters.JUnitReportReporter -->
<testsuite hostname="HoneyDue-PC" name="GetData.Post_Site2" tests="2" failures="0" timestamp="28 Aug 2015 15:00:11 GMT" time="17.971" errors="0">
  <testcase name="login_001" time="3.306" classname="GetData.Post_Site2"/>
  <testcase name="postAdd_001" time="14.665" classname="GetData.Post_Site2"/>
</testsuite> <!-- GetData.Post_Site2 -->
