<?xml version="1.0" encoding="UTF-8"?>
<!-- Generated by org.testng.reporters.JUnitReportReporter -->
<testsuite hostname="Mod-X" name="GetData.Getit" tests="2" failures="0" timestamp="18 Jul 2015 23:19:18 GMT" time="4.009" errors="0">
  <testcase name="Save_Image" time="2.692" classname="GetData.Getit"/>
  <testcase name="matter" time="1.317" classname="GetData.Getit"/>
</testsuite> <!-- GetData.Getit -->
