<?xml version="1.0" encoding="UTF-8"?>
<!-- Generated by org.testng.reporters.JUnitReportReporter -->
<testsuite hostname="PUNE-LAP0309" name="Getit" tests="1" failures="0" timestamp="30 Aug 2015 21:18:14 GMT" time="46.392" errors="0">
  <testcase name="Site1_cityBase" time="46.392" classname="Getit"/>
</testsuite> <!-- Getit -->
