<?xml version="1.0" encoding="UTF-8"?>
<!-- Generated by org.testng.reporters.JUnitReportReporter -->
<testsuite hostname="HoneyDue-PC" name="GetData.Getit" tests="1" failures="0" timestamp="27 Aug 2015 18:45:57 GMT" time="0.013" errors="0">
  <testcase name="matter" time="0.013" classname="GetData.Getit"/>
</testsuite> <!-- GetData.Getit -->
