<?xml version="1.0" encoding="UTF-8"?>
<!-- Generated by org.testng.reporters.JUnitReportReporter -->
<testsuite hostname="PUNE-LAP0309" name="GetData.Getit" tests="1" failures="0" timestamp="25 Aug 2015 13:28:54 GMT" time="0.013" errors="0">
  <testcase name="matter" time="0.013" classname="GetData.Getit"/>
</testsuite> <!-- GetData.Getit -->
